[    0.000000] Linux version 5.15.0-91-generic (buildd@lcy02-amd64-045) (gcc (Ubuntu 11.4.0-1ubuntu1~22.04) 11.4.0, GNU ld (GNU Binutils for Ubuntu) 2.38) #101-Ubuntu SMP Tue Nov 14 13:30:08 UTC 2023
[    0.000000] Command line: BOOT_IMAGE=/boot/vmlinuz-5.15.0-91-generic root=UUID=abc123 ro quiet splash
[    0.000000] KERNEL supported cpus:
[    0.000000]   Intel GenuineIntel
[    0.000000]   AMD AuthenticAMD
[    0.123456] CPU: Intel(R) Core(TM) i7-9700K CPU @ 3.60GHz (family: 0x6, model: 0x9e, stepping: 0xd)
[    0.234567] Memory: 32768MB available
[    1.234567] eth0: Intel(R) PRO/1000 Network Connection
[    1.345678] eth0: link up (1000Mbps/Full duplex)
[    2.345678] systemd[1]: Starting Network Manager...
[    3.456789] systemd[1]: Started Network Manager.
[    4.567890] docker0: port 1(vethabc123) entered blocking state
[    4.678901] docker0: port 1(vethabc123) entered forwarding state
[   10.123456] TCP: request_sock_TCP: Possible SYN flooding on port 8080. Sending cookies.
[   11.234567] eth0: link down
[   12.345678] eth0: link up (1000Mbps/Full duplex)
[   20.456789] connection timeout: host 192.168.1.100 unreachable
[   21.567890] NFS: server 192.168.1.50 not responding, still trying
[   30.678901] Out of memory: Killed process 12345 (java) total-vm:8192000kB, anon-rss:7340032kB
[   40.789012] EXT4-fs error (device sda1): ext4_find_entry: inode #2: comm ls: reading directory
[   50.890123] mce: CPU0: Machine check exception: Bank 0: f200000000000001
[   60.901234] systemd[1]: nginx.service: Main process exited, code=exited, status=1/FAILURE
[   70.012345] Kernel panic - not syncing: VFS: Unable to mount root fs on unknown-block(0,0)
